This is pdfTeX, Version 3.14159265-2.6-1.40.15 (TeX Live 2014) (preloaded format=pdflatex 2016.9.30)  6 FEB 2018 11:53
entering extended mode
 restricted \write18 enabled.
 %&-line parsing enabled.
**Bibliography.tex
(./Bibliography.tex
LaTeX2e <2011/06/27>
Babel <3.9k> and hyphenation patterns for 2 languages loaded.
! Undefined control sequence.
l.2 \phantomsection
                   \addcontentsline{toc}{chapter}{BIBLIOGRAPHY}
The control sequence at the end of the top line
of your error message was never \def'ed. If you have
misspelled it (e.g., `\hobx'), type `I' and the correct
spelling (e.g., `I\hbox'). Otherwise just continue,
and I'll forget about whatever was undefined.

\bibdata{reference}
No file Bibliography.bbl.
)
! Emergency stop.
<*> Bibliography.tex
                    
*** (job aborted, no legal \end found)

 
Here is how much of TeX's memory you used:
 6 strings out of 495025
 151 string characters out of 6181515
 45959 words of memory out of 5000000
 3319 multiletter control sequences out of 15000+600000
 3640 words of font info for 14 fonts, out of 8000000 for 9000
 14 hyphenation exceptions out of 8191
 5i,0n,3p,78b,17s stack positions out of 5000i,500n,10000p,200000b,80000s
!  ==> Fatal error occurred, no output PDF file produced!
