This is pdfTeX, Version 3.14159265-2.6-1.40.15 (TeX Live 2014) (preloaded format=pdflatex 2016.9.30)  19 APR 2018 12:09
entering extended mode
 restricted \write18 enabled.
 %&-line parsing enabled.
**Commands.tex
(./Commands.tex
LaTeX2e <2011/06/27>
Babel <3.9k> and hyphenation patterns for 2 languages loaded.
)
! Emergency stop.
<*> Commands.tex
                
*** (job aborted, no legal \end found)

 
Here is how much of TeX's memory you used:
 15 strings out of 495025
 292 string characters out of 6181515
 45959 words of memory out of 5000000
 3329 multiletter control sequences out of 15000+600000
 3640 words of font info for 14 fonts, out of 8000000 for 9000
 14 hyphenation exceptions out of 8191
 7i,0n,6p,105b,8s stack positions out of 5000i,500n,10000p,200000b,80000s
!  ==> Fatal error occurred, no output PDF file produced!
