This is pdfTeX, Version 3.14159265-2.6-1.40.15 (TeX Live 2014) (preloaded format=pdflatex 2016.9.30)  7 MAY 2018 22:25
entering extended mode
 restricted \write18 enabled.
 %&-line parsing enabled.
**ThesisMaster.tex
(./ThesisMaster.tex
LaTeX2e <2011/06/27>
Babel <3.9k> and hyphenation patterns for 2 languages loaded.
(/usr/share/texlive/texmf-dist/tex/latex/base/report.cls
Document Class: report 2007/10/19 v1.4h Standard LaTeX document class
(/usr/share/texlive/texmf-dist/tex/latex/base/size12.clo
File: size12.clo 2007/10/19 v1.4h Standard LaTeX file (size option)
)
\c@part=\count79
\c@chapter=\count80
\c@section=\count81
\c@subsection=\count82
\c@subsubsection=\count83
\c@paragraph=\count84
\c@subparagraph=\count85
\c@figure=\count86
\c@table=\count87
\abovecaptionskip=\skip41
\belowcaptionskip=\skip42
\bibindent=\dimen102
)
(/usr/share/texlive/texmf-dist/tex/latex/geometry/geometry.sty
Package: geometry 2010/09/12 v5.6 Page Geometry

(/usr/share/texlive/texmf-dist/tex/latex/graphics/keyval.sty
Package: keyval 1999/03/16 v1.13 key=value parser (DPC)
\KV@toks@=\toks14
)
(/usr/share/texlive/texmf-dist/tex/generic/oberdiek/ifpdf.sty
Package: ifpdf 2011/01/30 v2.3 Provides the ifpdf switch (HO)
Package ifpdf Info: pdfTeX in PDF mode is detected.
)
(/usr/share/texlive/texmf-dist/tex/generic/oberdiek/ifvtex.sty
Package: ifvtex 2010/03/01 v1.5 Detect VTeX and its facilities (HO)
Package ifvtex Info: VTeX not detected.
)
(/usr/share/texlive/texmf-dist/tex/generic/ifxetex/ifxetex.sty
Package: ifxetex 2010/09/12 v0.6 Provides ifxetex conditional
)
\Gm@cnth=\count88
\Gm@cntv=\count89
\c@Gm@tempcnt=\count90
\Gm@bindingoffset=\dimen103
\Gm@wd@mp=\dimen104
\Gm@odd@mp=\dimen105
\Gm@even@mp=\dimen106
\Gm@layoutwidth=\dimen107
\Gm@layoutheight=\dimen108
\Gm@layouthoffset=\dimen109
\Gm@layoutvoffset=\dimen110
\Gm@dimlist=\toks15
)
(/usr/share/texlive/texmf-dist/tex/latex/amsmath/amsmath.sty
Package: amsmath 2013/01/14 v2.14 AMS math features
\@mathmargin=\skip43

For additional information on amsmath, use the `?' option.
(/usr/share/texlive/texmf-dist/tex/latex/amsmath/amstext.sty
Package: amstext 2000/06/29 v2.01

(/usr/share/texlive/texmf-dist/tex/latex/amsmath/amsgen.sty
File: amsgen.sty 1999/11/30 v2.0
\@emptytoks=\toks16
\ex@=\dimen111
))
(/usr/share/texlive/texmf-dist/tex/latex/amsmath/amsbsy.sty
Package: amsbsy 1999/11/29 v1.2d
\pmbraise@=\dimen112
)
(/usr/share/texlive/texmf-dist/tex/latex/amsmath/amsopn.sty
Package: amsopn 1999/12/14 v2.01 operator names
)
\inf@bad=\count91
LaTeX Info: Redefining \frac on input line 210.
\uproot@=\count92
\leftroot@=\count93
LaTeX Info: Redefining \overline on input line 306.
\classnum@=\count94
\DOTSCASE@=\count95
LaTeX Info: Redefining \ldots on input line 378.
LaTeX Info: Redefining \dots on input line 381.
LaTeX Info: Redefining \cdots on input line 466.
\Mathstrutbox@=\box26
\strutbox@=\box27
\big@size=\dimen113
LaTeX Font Info:    Redeclaring font encoding OML on input line 566.
LaTeX Font Info:    Redeclaring font encoding OMS on input line 567.
\macc@depth=\count96
\c@MaxMatrixCols=\count97
\dotsspace@=\muskip10
\c@parentequation=\count98
\dspbrk@lvl=\count99
\tag@help=\toks17
\row@=\count100
\column@=\count101
\maxfields@=\count102
\andhelp@=\toks18
\eqnshift@=\dimen114
\alignsep@=\dimen115
\tagshift@=\dimen116
\tagwidth@=\dimen117
\totwidth@=\dimen118
\lineht@=\dimen119
\@envbody=\toks19
\multlinegap=\skip44
\multlinetaggap=\skip45
\mathdisplay@stack=\toks20
LaTeX Info: Redefining \[ on input line 2665.
LaTeX Info: Redefining \] on input line 2666.
)
(/usr/share/texlive/texmf-dist/tex/latex/amsfonts/amssymb.sty
Package: amssymb 2013/01/14 v3.01 AMS font symbols

(/usr/share/texlive/texmf-dist/tex/latex/amsfonts/amsfonts.sty
Package: amsfonts 2013/01/14 v3.01 Basic AMSFonts support
\symAMSa=\mathgroup4
\symAMSb=\mathgroup5
LaTeX Font Info:    Overwriting math alphabet `\mathfrak' in version `bold'
(Font)                  U/euf/m/n --> U/euf/b/n on input line 106.
))
(/usr/share/texlive/texmf-dist/tex/latex/amscls/amsthm.sty
Package: amsthm 2004/08/06 v2.20
\thm@style=\toks21
\thm@bodyfont=\toks22
\thm@headfont=\toks23
\thm@notefont=\toks24
\thm@headpunct=\toks25
\thm@preskip=\skip46
\thm@postskip=\skip47
\thm@headsep=\skip48
\dth@everypar=\toks26
)
(/usr/share/texlive/texmf-dist/tex/latex/tocloft/tocloft.sty
Package: tocloft 2013/05/02 v2.3f parameterised ToC, etc., typesetting
Package tocloft Info: The document has chapter divisions on input line 44.
\cftparskip=\skip49
\cftbeforetoctitleskip=\skip50
\cftaftertoctitleskip=\skip51
\cftbeforepartskip=\skip52
\cftpartnumwidth=\skip53
\cftpartindent=\skip54
\cftbeforechapskip=\skip55
\cftchapindent=\skip56
\cftchapnumwidth=\skip57
\cftbeforesecskip=\skip58
\cftsecindent=\skip59
\cftsecnumwidth=\skip60
\cftbeforesubsecskip=\skip61
\cftsubsecindent=\skip62
\cftsubsecnumwidth=\skip63
\cftbeforesubsubsecskip=\skip64
\cftsubsubsecindent=\skip65
\cftsubsubsecnumwidth=\skip66
\cftbeforeparaskip=\skip67
\cftparaindent=\skip68
\cftparanumwidth=\skip69
\cftbeforesubparaskip=\skip70
\cftsubparaindent=\skip71
\cftsubparanumwidth=\skip72
\cftbeforeloftitleskip=\skip73
\cftafterloftitleskip=\skip74
\cftbeforefigskip=\skip75
\cftfigindent=\skip76
\cftfignumwidth=\skip77
\c@lofdepth=\count103
\c@lotdepth=\count104
\cftbeforelottitleskip=\skip78
\cftafterlottitleskip=\skip79
\cftbeforetabskip=\skip80
\cfttabindent=\skip81
\cfttabnumwidth=\skip82
)
(/usr/share/texlive/texmf-dist/tex/latex/float/float.sty
Package: float 2001/11/08 v1.3d Float enhancements (AL)
\c@float@type=\count105
\float@exts=\toks27
\float@box=\box28
\@float@everytoks=\toks28
\@floatcapt=\box29
)
(/usr/share/texlive/texmf-dist/tex/latex/sectsty/sectsty.sty
Package: sectsty 2002/02/25 v2.0.2 Commands to change all sectional heading sty
les
)
(/usr/share/texlive/texmf-dist/tex/latex/graphics/graphicx.sty
Package: graphicx 1999/02/16 v1.0f Enhanced LaTeX Graphics (DPC,SPQR)

(/usr/share/texlive/texmf-dist/tex/latex/graphics/graphics.sty
Package: graphics 2009/02/05 v1.0o Standard LaTeX Graphics (DPC,SPQR)

(/usr/share/texlive/texmf-dist/tex/latex/graphics/trig.sty
Package: trig 1999/03/16 v1.09 sin cos tan (DPC)
)
(/usr/share/texlive/texmf-dist/tex/latex/latexconfig/graphics.cfg
File: graphics.cfg 2010/04/23 v1.9 graphics configuration of TeX Live
)
Package graphics Info: Driver file: pdftex.def on input line 91.

(/usr/share/texlive/texmf-dist/tex/latex/pdftex-def/pdftex.def
File: pdftex.def 2011/05/27 v0.06d Graphics/color for pdfTeX

(/usr/share/texlive/texmf-dist/tex/generic/oberdiek/infwarerr.sty
Package: infwarerr 2010/04/08 v1.3 Providing info/warning/error messages (HO)
)
(/usr/share/texlive/texmf-dist/tex/generic/oberdiek/ltxcmds.sty
Package: ltxcmds 2011/11/09 v1.22 LaTeX kernel commands for general use (HO)
)
\Gread@gobject=\count106
))
\Gin@req@height=\dimen120
\Gin@req@width=\dimen121
)
(/usr/share/texlive/texmf-dist/tex/latex/setspace/setspace.sty
Package: setspace 2011/12/19 v6.7a set line spacing
)
(/usr/share/texlive/texmf-dist/tex/latex/booktabs/booktabs.sty
Package: booktabs 2005/04/14 v1.61803 publication quality tables
\heavyrulewidth=\dimen122
\lightrulewidth=\dimen123
\cmidrulewidth=\dimen124
\belowrulesep=\dimen125
\belowbottomsep=\dimen126
\aboverulesep=\dimen127
\abovetopsep=\dimen128
\cmidrulesep=\dimen129
\cmidrulekern=\dimen130
\defaultaddspace=\dimen131
\@cmidla=\count107
\@cmidlb=\count108
\@aboverulesep=\dimen132
\@belowrulesep=\dimen133
\@thisruleclass=\count109
\@lastruleclass=\count110
\@thisrulewidth=\dimen134
)
(/usr/share/texlive/texmf-dist/tex/latex/hyperref/hyperref.sty
Package: hyperref 2012/11/06 v6.83m Hypertext links for LaTeX

(/usr/share/texlive/texmf-dist/tex/generic/oberdiek/hobsub-hyperref.sty
Package: hobsub-hyperref 2012/05/28 v1.13 Bundle oberdiek, subset hyperref (HO)


(/usr/share/texlive/texmf-dist/tex/generic/oberdiek/hobsub-generic.sty
Package: hobsub-generic 2012/05/28 v1.13 Bundle oberdiek, subset generic (HO)
Package: hobsub 2012/05/28 v1.13 Construct package bundles (HO)
Package hobsub Info: Skipping package `infwarerr' (already loaded).
Package hobsub Info: Skipping package `ltxcmds' (already loaded).
Package: ifluatex 2010/03/01 v1.3 Provides the ifluatex switch (HO)
Package ifluatex Info: LuaTeX not detected.
Package hobsub Info: Skipping package `ifvtex' (already loaded).
Package: intcalc 2007/09/27 v1.1 Expandable calculations with integers (HO)
Package hobsub Info: Skipping package `ifpdf' (already loaded).
Package: etexcmds 2011/02/16 v1.5 Avoid name clashes with e-TeX commands (HO)
Package etexcmds Info: Could not find \expanded.
(etexcmds)             That can mean that you are not using pdfTeX 1.50 or
(etexcmds)             that some package has redefined \expanded.
(etexcmds)             In the latter case, load this package earlier.
Package: kvsetkeys 2012/04/25 v1.16 Key value parser (HO)
Package: kvdefinekeys 2011/04/07 v1.3 Define keys (HO)
Package: pdftexcmds 2011/11/29 v0.20 Utility functions of pdfTeX for LuaTeX (HO
)
Package pdftexcmds Info: LuaTeX not detected.
Package pdftexcmds Info: \pdf@primitive is available.
Package pdftexcmds Info: \pdf@ifprimitive is available.
Package pdftexcmds Info: \pdfdraftmode found.
Package: pdfescape 2011/11/25 v1.13 Implements pdfTeX's escape features (HO)
Package: bigintcalc 2012/04/08 v1.3 Expandable calculations on big integers (HO
)
Package: bitset 2011/01/30 v1.1 Handle bit-vector datatype (HO)
Package: uniquecounter 2011/01/30 v1.2 Provide unlimited unique counter (HO)
)
Package hobsub Info: Skipping package `hobsub' (already loaded).
Package: letltxmacro 2010/09/02 v1.4 Let assignment for LaTeX macros (HO)
Package: hopatch 2012/05/28 v1.2 Wrapper for package hooks (HO)
Package: xcolor-patch 2011/01/30 xcolor patch
Package: atveryend 2011/06/30 v1.8 Hooks at the very end of document (HO)
Package atveryend Info: \enddocument detected (standard20110627).
Package: atbegshi 2011/10/05 v1.16 At begin shipout hook (HO)
Package: refcount 2011/10/16 v3.4 Data extraction from label references (HO)
Package: hycolor 2011/01/30 v1.7 Color options for hyperref/bookmark (HO)
)
(/usr/share/texlive/texmf-dist/tex/latex/oberdiek/auxhook.sty
Package: auxhook 2011/03/04 v1.3 Hooks for auxiliary files (HO)
)
(/usr/share/texlive/texmf-dist/tex/latex/oberdiek/kvoptions.sty
Package: kvoptions 2011/06/30 v3.11 Key value format for package options (HO)
)
\@linkdim=\dimen135
\Hy@linkcounter=\count111
\Hy@pagecounter=\count112

(/usr/share/texlive/texmf-dist/tex/latex/hyperref/pd1enc.def
File: pd1enc.def 2012/11/06 v6.83m Hyperref: PDFDocEncoding definition (HO)
)
\Hy@SavedSpaceFactor=\count113

(/usr/share/texlive/texmf-dist/tex/latex/latexconfig/hyperref.cfg
File: hyperref.cfg 2002/06/06 v1.2 hyperref configuration of TeXLive
)
Package hyperref Info: Option `colorlinks' set `true' on input line 4319.
Package hyperref Info: Option `linktocpage' set `true' on input line 4319.
Package hyperref Info: Hyper figures OFF on input line 4443.
Package hyperref Info: Link nesting OFF on input line 4448.
Package hyperref Info: Hyper index ON on input line 4451.
Package hyperref Info: Plain pages OFF on input line 4458.
Package hyperref Info: Backreferencing OFF on input line 4463.
Package hyperref Info: Implicit mode ON; LaTeX internals redefined.
Package hyperref Info: Bookmarks ON on input line 4688.
\c@Hy@tempcnt=\count114

(/usr/share/texlive/texmf-dist/tex/latex/url/url.sty
\Urlmuskip=\muskip11
Package: url 2013/09/16  ver 3.4  Verb mode for urls, etc.
)
LaTeX Info: Redefining \url on input line 5041.
\XeTeXLinkMargin=\dimen136
\Fld@menulength=\count115
\Field@Width=\dimen137
\Fld@charsize=\dimen138
Package hyperref Info: Hyper figures OFF on input line 6295.
Package hyperref Info: Link nesting OFF on input line 6300.
Package hyperref Info: Hyper index ON on input line 6303.
Package hyperref Info: backreferencing OFF on input line 6310.
Package hyperref Info: Link coloring ON on input line 6313.
Package hyperref Info: Link coloring with OCG OFF on input line 6320.
Package hyperref Info: PDF/A mode OFF on input line 6325.
LaTeX Info: Redefining \ref on input line 6365.
LaTeX Info: Redefining \pageref on input line 6369.
\Hy@abspage=\count116
\c@Item=\count117
\c@Hfootnote=\count118
)

Package hyperref Message: Driver (autodetected): hpdftex.

(/usr/share/texlive/texmf-dist/tex/latex/hyperref/hpdftex.def
File: hpdftex.def 2012/11/06 v6.83m Hyperref driver for pdfTeX
\Fld@listcount=\count119
\c@bookmark@seq@number=\count120

(/usr/share/texlive/texmf-dist/tex/latex/oberdiek/rerunfilecheck.sty
Package: rerunfilecheck 2011/04/15 v1.7 Rerun checks for auxiliary files (HO)
Package uniquecounter Info: New unique counter `rerunfilecheck' on input line 2
82.
)
\Hy@SectionHShift=\skip83
)
(/usr/share/texlive/texmf-dist/tex/latex/aastex/aas_macros.sty)
(/usr/share/texlive/texmf-dist/tex/latex/natbib/natbib.sty
Package: natbib 2010/09/13 8.31b (PWD, AO)
\bibhang=\skip84
\bibsep=\skip85
LaTeX Info: Redefining \cite on input line 694.
\c@NAT@ctr=\count121
) (./Command_Mods.tex) (./Commands.tex) (./ThesisMaster.aux)
\openout1 = `ThesisMaster.aux'.

LaTeX Font Info:    Checking defaults for OML/cmm/m/it on input line 35.
LaTeX Font Info:    ... okay on input line 35.
LaTeX Font Info:    Checking defaults for T1/cmr/m/n on input line 35.
LaTeX Font Info:    ... okay on input line 35.
LaTeX Font Info:    Checking defaults for OT1/cmr/m/n on input line 35.
LaTeX Font Info:    ... okay on input line 35.
LaTeX Font Info:    Checking defaults for OMS/cmsy/m/n on input line 35.
LaTeX Font Info:    ... okay on input line 35.
LaTeX Font Info:    Checking defaults for OMX/cmex/m/n on input line 35.
LaTeX Font Info:    ... okay on input line 35.
LaTeX Font Info:    Checking defaults for U/cmr/m/n on input line 35.
LaTeX Font Info:    ... okay on input line 35.
LaTeX Font Info:    Checking defaults for PD1/pdf/m/n on input line 35.
LaTeX Font Info:    ... okay on input line 35.

*geometry* driver: auto-detecting
*geometry* detected driver: pdftex
*geometry* verbose mode - [ preamble ] result:
* driver: pdftex
* paper: letterpaper
* layout: <same size as paper>
* layoutoffset:(h,v)=(0.0pt,0.0pt)
* modes: 
* h-part:(L,W,R)=(108.405pt, 433.62001pt, 72.26999pt)
* v-part:(T,H,B)=(72.26999pt, 650.43001pt, 72.26999pt)
* \paperwidth=614.295pt
* \paperheight=794.96999pt
* \textwidth=433.62001pt
* \textheight=650.43001pt
* \oddsidemargin=36.13501pt
* \evensidemargin=36.13501pt
* \topmargin=0.0pt
* \headheight=0.0pt
* \headsep=0.0pt
* \topskip=12.0pt
* \footskip=0.0pt
* \marginparwidth=44.0pt
* \marginparsep=10.0pt
* \columnsep=10.0pt
* \skip\footins=10.8pt plus 4.0pt minus 2.0pt
* \hoffset=0.0pt
* \voffset=0.0pt
* \mag=1000
* \@twocolumnfalse
* \@twosidefalse
* \@mparswitchfalse
* \@reversemarginfalse
* (1in=72.27pt=25.4mm, 1cm=28.453pt)

(/usr/share/texlive/texmf-dist/tex/context/base/supp-pdf.mkii
[Loading MPS to PDF converter (version 2006.09.02).]
\scratchcounter=\count122
\scratchdimen=\dimen139
\scratchbox=\box30
\nofMPsegments=\count123
\nofMParguments=\count124
\everyMPshowfont=\toks29
\MPscratchCnt=\count125
\MPscratchDim=\dimen140
\MPnumerator=\count126
\makeMPintoPDFobject=\count127
\everyMPtoPDFconversion=\toks30
) (/usr/share/texlive/texmf-dist/tex/latex/oberdiek/epstopdf-base.sty
Package: epstopdf-base 2010/02/09 v2.5 Base part for package epstopdf

(/usr/share/texlive/texmf-dist/tex/latex/oberdiek/grfext.sty
Package: grfext 2010/08/19 v1.1 Manage graphics extensions (HO)
)
Package grfext Info: Graphics extension search list:
(grfext)             [.png,.pdf,.jpg,.mps,.jpeg,.jbig2,.jb2,.PNG,.PDF,.JPG,.JPE
G,.JBIG2,.JB2,.eps]
(grfext)             \AppendGraphicsExtensions on input line 452.

(/usr/share/texlive/texmf-dist/tex/latex/latexconfig/epstopdf-sys.cfg
File: epstopdf-sys.cfg 2010/07/13 v1.3 Configuration of (r)epstopdf for TeX Liv
e
))
\AtBeginShipoutBox=\box31

(/usr/share/texlive/texmf-dist/tex/latex/graphics/color.sty
Package: color 2005/11/14 v1.0j Standard LaTeX Color (DPC)

(/usr/share/texlive/texmf-dist/tex/latex/latexconfig/color.cfg
File: color.cfg 2007/01/18 v1.5 color configuration of teTeX/TeXLive
)
Package color Info: Driver file: pdftex.def on input line 130.
)
Package hyperref Info: Link coloring ON on input line 35.

(/usr/share/texlive/texmf-dist/tex/latex/hyperref/nameref.sty
Package: nameref 2012/10/27 v2.43 Cross-referencing by name of section

(/usr/share/texlive/texmf-dist/tex/generic/oberdiek/gettitlestring.sty
Package: gettitlestring 2010/12/03 v1.4 Cleanup title references (HO)
)
\c@section@level=\count128
)
LaTeX Info: Redefining \ref on input line 35.
LaTeX Info: Redefining \pageref on input line 35.
LaTeX Info: Redefining \nameref on input line 35.

(./ThesisMaster.out) (./ThesisMaster.out)
\@outlinefile=\write3
\openout3 = `ThesisMaster.out'.

 (./TitlePage.tex) (./Approval.tex
[1

{/usr/share/texlive/texmf-dist/fonts/map/pdftex/updmap/pdftex.map}])
(./Acknowledge.tex [2]) (./Contents.texpdfTeX warning (ext4): destination with 
the same identifier (name{page.ii}) has been already used, duplicate ignored
<to be read again> 
                   \relax 
l.4 \newpage
             [2] (./ThesisMaster.toc
LaTeX Font Info:    Try loading font information for U+msa on input line 1.

(/usr/share/texlive/texmf-dist/tex/latex/amsfonts/umsa.fd
File: umsa.fd 2013/01/14 v3.01 AMS symbols A
)
LaTeX Font Info:    Try loading font information for U+msb on input line 1.

(/usr/share/texlive/texmf-dist/tex/latex/amsfonts/umsb.fd
File: umsb.fd 2013/01/14 v3.01 AMS symbols B
) [3] [4])
\tf@toc=\write4
\openout4 = `ThesisMaster.toc'.

 [5]
(./ThesisMaster.lot)
\tf@lot=\write5
\openout5 = `ThesisMaster.lot'.

 [6] (./ThesisMaster.lof [7] [8] [9]
Missing character: There is no √ in font cmr12!
Missing character: There is no ó in font cmr12!
Missing character: There is no √ in font cmr12!
Missing character: There is no ó in font cmr12!
)
\tf@lof=\write6
\openout6 = `ThesisMaster.lof'.

) (./Abstract.tex
[10] [11]
Underfull \hbox (badness 10000) in paragraph at lines 6--7

 []


Underfull \hbox (badness 10000) in paragraph at lines 8--9

 []

[12]) [13] (./Introduction.tex
Chapter 1.
[1

]
Underfull \hbox (badness 10000) in paragraph at lines 5--6

 []


Underfull \hbox (badness 10000) in paragraph at lines 7--8

 []


Underfull \hbox (badness 10000) in paragraph at lines 9--10

 []

[2]
Underfull \hbox (badness 10000) in paragraph at lines 11--13

 []

) (./Chapter_01.tex [3]
Chapter 2.
[4

] <Figures/sdss_camera.png, id=437, 460.72125pt x 565.11125pt>
File: Figures/sdss_camera.png Graphic file (type png)

<use Figures/sdss_camera.png>
Package pdftex.def Info: Figures/sdss_camera.png used on input line 11.
(pdftex.def)             Requested size: 289.07999pt x 354.57332pt.
 [5] [6 <./Figures/sdss_camera.png>]
Overfull \hbox (6.74623pt too wide) in paragraph at lines 32--34
\OT1/cmr/m/n/12 Images are named by their band, col-umn and se-quen-tial num-be
r, e.g. $\OML/cmm/m/it/12 S\OT1/cmr/m/n/12 82[]11\OML/cmm/m/it/12 x[]\OT1/cmr/m
/n/12 222\OML/cmm/m/it/12 :fits$\OT1/cmr/m/n/12 ,
 []

[7]
Missing character: There is no ‚ in font cmr12!
Missing character: There is no Ä in font cmr12!
Missing character: There is no ú in font cmr12!
Missing character: There is no ‚ in font cmr12!
Missing character: There is no Ä in font cmr12!
Missing character: There is no ù in font cmr12!
 [8]
Underfull \hbox (badness 10000) in paragraph at lines 49--50

 []

) (./Chapter_02.tex [9]
Chapter 3.
[10

] <Figures/catalog_comparison.jpeg, id=507, 1284.8pt x 712.6625pt>
File: Figures/catalog_comparison.jpeg Graphic file (type jpg)

<use Figures/catalog_comparison.jpeg>
Package pdftex.def Info: Figures/catalog_comparison.jpeg used on input line 12.

(pdftex.def)             Requested size: 433.62pt x 240.51865pt.


LaTeX Warning: Command \r invalid in math mode on input line 20.


Underfull \hbox (badness 10000) in paragraph at lines 20--21

 []

[11 <./Figures/catalog_comparison.jpeg>] [12] [13] [14] [15]
Underfull \hbox (badness 10000) in paragraph at lines 75--83

 []

<Figures/psf_allbands_6cols.png, id=552, 805.0075pt x 744.7825pt>
File: Figures/psf_allbands_6cols.png Graphic file (type png)

<use Figures/psf_allbands_6cols.png>
Package pdftex.def Info: Figures/psf_allbands_6cols.png used on input line 89.
(pdftex.def)             Requested size: 433.62pt x 401.17648pt.

Underfull \hbox (badness 10000) in paragraph at lines 94--103

 []

[16] [17 <./Figures/psf_allbands_6cols.png>]
Underfull \hbox (badness 10000) in paragraph at lines 104--112

 []

<Figures/psfmatch.png, id=572, 963.6pt x 917.4275pt>
File: Figures/psfmatch.png Graphic file (type png)

<use Figures/psfmatch.png>
Package pdftex.def Info: Figures/psfmatch.png used on input line 114.
(pdftex.def)             Requested size: 433.62pt x 412.83856pt.
 [18] [19 <./Figures/psfmatch.png>]
<Figures/error_correction_rband_example.jpg, id=587, 830.10126pt x 436.63126pt>
File: Figures/error_correction_rband_example.jpg Graphic file (type jpg)
<use Figures/error_correction_rband_example.jpg>
Package pdftex.def Info: Figures/error_correction_rband_example.jpg used on inp
ut line 132.
(pdftex.def)             Requested size: 433.62pt x 228.08223pt.

<Figures/magerr_corr_04.png, id=588, 1031.855pt x 544.0325pt>
File: Figures/magerr_corr_04.png Graphic file (type png)

<use Figures/magerr_corr_04.png>
Package pdftex.def Info: Figures/magerr_corr_04.png used on input line 138.
(pdftex.def)             Requested size: 433.62pt x 228.61661pt.

<Figures/magerr_corr_12.png, id=589, 1024.82875pt x 544.0325pt>
File: Figures/magerr_corr_12.png Graphic file (type png)

<use Figures/magerr_corr_12.png>
Package pdftex.def Info: Figures/magerr_corr_12.png used on input line 139.
(pdftex.def)             Requested size: 433.62pt x 230.18555pt.

Underfull \hbox (badness 10000) in paragraph at lines 138--140
[][]
 []

[20] [21 <./Figures/error_correction_rband_example.jpg>] [22 <./Figures/magerr_
corr_04.png (PNG copy)> <./Figures/magerr_corr_12.png (PNG copy)>]
<Figures/unwise_psf.png, id=606, 824.07875pt x 757.83125pt>
File: Figures/unwise_psf.png Graphic file (type png)

<use Figures/unwise_psf.png>
Package pdftex.def Info: Figures/unwise_psf.png used on input line 161.
(pdftex.def)             Requested size: 433.62pt x 398.75777pt.
 [23] [24 <./Figures/unwise_psf.png>]
Missing character: There is no ‚ in font cmr12!
Missing character: There is no Ä in font cmr12!
Missing character: There is no ù in font cmr12!
Missing character: There is no ‚ in font cmr12!
Missing character: There is no Ä in font cmr12!
Missing character: There is no ù in font cmr12!

Underfull \hbox (badness 10000) in paragraph at lines 179--186

 []


Underfull \hbox (badness 10000) in paragraph at lines 189--199

 []

[25] <Figures/sdss_unwise_resid.png, id=623, 1764.5925pt x 694.595pt>
File: Figures/sdss_unwise_resid.png Graphic file (type png)

<use Figures/sdss_unwise_resid.png>
Package pdftex.def Info: Figures/sdss_unwise_resid.png used on input line 205.
(pdftex.def)             Requested size: 433.62pt x 170.6807pt.
 [26]) (./Chapter_03.tex [27 <./Figures/sdss_unwise_resid.png>]
Chapter 4.
[28

] [29] [30]
Underfull \hbox (badness 10000) in paragraph at lines 34--34
[][][][][]$\OT1/cmtt/m/n/10 https : / / github . com / gbrammer / eazy-[]photoz
 / blob / master / templates / eazy _ v1 . 3 .
 []

[31] [32] <Figures/photo_z_vs_spec_z.png, id=733, 922.44624pt x 638.385pt>
File: Figures/photo_z_vs_spec_z.png Graphic file (type png)

<use Figures/photo_z_vs_spec_z.png>
Package pdftex.def Info: Figures/photo_z_vs_spec_z.png used on input line 42.
(pdftex.def)             Requested size: 411.93877pt x 285.07887pt.

<Figures/photo_z_-_spec_z.png, id=734, 941.5175pt x 548.0475pt>
File: Figures/photo_z_-_spec_z.png Graphic file (type png)

<use Figures/photo_z_-_spec_z.png>
Package pdftex.def Info: Figures/photo_z_-_spec_z.png used on input line 43.
(pdftex.def)             Requested size: 411.93877pt x 239.78691pt.

Underfull \hbox (badness 10000) in paragraph at lines 42--44
[][]
 []


<Figures/photo_z_-_spec_z_nowise_wise.png, id=741, 1390.19376pt x 476.78125pt>
File: Figures/photo_z_-_spec_z_nowise_wise.png Graphic file (type png)

<use Figures/photo_z_-_spec_z_nowise_wise.png>
Package pdftex.def Info: Figures/photo_z_-_spec_z_nowise_wise.png used on input
 line 62.
(pdftex.def)             Requested size: 411.93877pt x 141.2749pt.
 [33]

LaTeX Warning: Text page 34 contains only floats.

[34 <./Figures/photo_z_vs_spec_z.png (PNG copy)> <./Figures/photo_z_-_spec_z.pn
g (PNG copy)>]
<Figures/histogram_all_stellar_mass_z_bins.png, id=762, 985.6825pt x 481.8pt>
File: Figures/histogram_all_stellar_mass_z_bins.png Graphic file (type png)

<use Figures/histogram_all_stellar_mass_z_bins.png>
Package pdftex.def Info: Figures/histogram_all_stellar_mass_z_bins.png used on 
input line 80.
(pdftex.def)             Requested size: 411.93877pt x 201.35478pt.
 [35 <./Figures/photo_z_-_spec_z_nowise_wise.png (PNG copy)>] [36 <./Figures/hi
stogram_all_stellar_mass_z_bins.png (PNG copy)>]
<Figures/star_galaxy_separation_color.png, id=774, 1194.4625pt x 636.3775pt>
File: Figures/star_galaxy_separation_color.png Graphic file (type png)

<use Figures/star_galaxy_separation_color.png>
Package pdftex.def Info: Figures/star_galaxy_separation_color.png used on input
 line 94.
(pdftex.def)             Requested size: 411.93877pt x 219.4728pt.
 [37 <./Figures/star_galaxy_separation_color.png (PNG copy)>]
<Figures/histogram_class_star.png, id=783, 958.58125pt x 521.95pt>
File: Figures/histogram_class_star.png Graphic file (type png)

<use Figures/histogram_class_star.png>
Package pdftex.def Info: Figures/histogram_class_star.png used on input line 10
7.
(pdftex.def)             Requested size: 411.93877pt x 224.29872pt.

<Figures/histogram_class_star_contamination.png, id=785, 1905.1175pt x 569.1262
5pt>
File: Figures/histogram_class_star_contamination.png Graphic file (type png)
 <use Figures/histogram_class_star_contamination.png>
Package pdftex.def Info: Figures/histogram_class_star_contamination.png used on
 input line 115.
(pdftex.def)             Requested size: 411.93877pt x 123.05449pt.
 [38] [39 <./Figures/histogram_class_star.png (PNG copy)> <./Figures/histogram_
class_star_contamination.png (PNG copy)>]
<Figures/duplicate_sources.png, id=796, 856.19875pt x 713.66624pt>
File: Figures/duplicate_sources.png Graphic file (type png)

<use Figures/duplicate_sources.png>
Package pdftex.def Info: Figures/duplicate_sources.png used on input line 126.
(pdftex.def)             Requested size: 346.81085pt x 289.07999pt.

<Figures/duplicate_sources_wise.png, id=797, 986.68625pt x 704.6325pt>
File: Figures/duplicate_sources_wise.png Graphic file (type png)

<use Figures/duplicate_sources_wise.png>
Package pdftex.def Info: Figures/duplicate_sources_wise.png used on input line 
127.
(pdftex.def)             Requested size: 404.78487pt x 289.07999pt.


LaTeX Warning: Float too large for page by 9.72997pt on input line 130.

[40] <Figures/CS_fits_region.png, id=807, 1270.7475pt x 918.43124pt>
File: Figures/CS_fits_region.png Graphic file (type png)

<use Figures/CS_fits_region.png>
Package pdftex.def Info: Figures/CS_fits_region.png used on input line 138.
(pdftex.def)             Requested size: 411.93877pt x 297.72986pt.
) (./Chapter_04.tex [41] [42 <./Figures/duplicate_sources.png (PNG copy)> <./Fi
gures/duplicate_sources_wise.png (PNG copy)>]
[43 <./Figures/CS_fits_region.png>]
Chapter 5.
<Figures/mass_vs_photo_z_dissected.png, id=824, 1108.14pt x 507.8975pt>
File: Figures/mass_vs_photo_z_dissected.png Graphic file (type png)

<use Figures/mass_vs_photo_z_dissected.png>
Package pdftex.def Info: Figures/mass_vs_photo_z_dissected.png used on input li
ne 7.
(pdftex.def)             Requested size: 433.62pt x 198.73796pt.


LaTeX Warning: `!h' float specifier changed to `!ht'.

[44

]
Overfull \hbox (44.5378pt too wide) in paragraph at lines 35--46
 [] 
 []


LaTeX Warning: `!h' float specifier changed to `!ht'.

<Figures/mass_vs_r-mag.png, id=832, 1059.96pt x 554.07pt>
File: Figures/mass_vs_r-mag.png Graphic file (type png)

<use Figures/mass_vs_r-mag.png>
Package pdftex.def Info: Figures/mass_vs_r-mag.png used on input line 51.
(pdftex.def)             Requested size: 433.62pt x 226.6629pt.
 [45 <./Figures/mass_vs_photo_z_dissected.png (PNG copy)>] [46 <./Figures/mass_
vs_r-mag.png (PNG copy)>]
<Figures/md_plot_my_data_1.png, id=853, 811.03pt x 455.7025pt>
File: Figures/md_plot_my_data_1.png Graphic file (type png)

<use Figures/md_plot_my_data_1.png>
Package pdftex.def Info: Figures/md_plot_my_data_1.png used on input line 65.
(pdftex.def)             Requested size: 433.62pt x 243.64893pt.
) (./Summary.tex [47] [48 <./Figures/md_plot_my_data_1.png (PNG copy)>]
Chapter 6.
[49

] [50] <Figures/mass_vs_w1-mag.png, id=883, 1059.96pt x 647.41875pt>
File: Figures/mass_vs_w1-mag.png Graphic file (type png)

<use Figures/mass_vs_w1-mag.png>
Package pdftex.def Info: Figures/mass_vs_w1-mag.png used on input line 16.
(pdftex.def)             Requested size: 433.62pt x 264.85068pt.
 [51 <./Figures/mass_vs_w1-mag.png (PNG copy)>] <Figures/wodrop_sdss_w1w2.png, 
id=889, 481.3182pt x 70.8246pt>
File: Figures/wodrop_sdss_w1w2.png Graphic file (type png)

<use Figures/wodrop_sdss_w1w2.png>
Package pdftex.def Info: Figures/wodrop_sdss_w1w2.png used on input line 31.
(pdftex.def)             Requested size: 433.62pt x 63.80637pt.
Missing character: There is no √ in font cmr12!
Missing character: There is no ó in font cmr12!
Missing character: There is no √ in font cmr12!
Missing character: There is no ó in font cmr12!
 [52 <./Figures/wodrop_sdss_w1w2.png>]
<Figures/wodrop_sed.png, id=898, 1309.89375pt x 852.18375pt>
File: Figures/wodrop_sed.png Graphic file (type png)

<use Figures/wodrop_sed.png>
Package pdftex.def Info: Figures/wodrop_sed.png used on input line 40.
(pdftex.def)             Requested size: 433.62pt x 282.09271pt.

Overfull \hbox (3.72418pt too wide) in paragraph at lines 49--50
[]\OT1/cmr/m/n/12 Five ob-jects were ob-served with WIYN High Res-o-lu-tion In-
frared Cam-era (WHIRC)
 []

[53 <./Figures/wodrop_sed.png>]
<Figures/wodrop_whirc.png, id=910, 466.1415pt x 65.043pt>
File: Figures/wodrop_whirc.png Graphic file (type png)

<use Figures/wodrop_whirc.png>
Package pdftex.def Info: Figures/wodrop_whirc.png used on input line 52.
(pdftex.def)             Requested size: 433.62pt x 60.50623pt.
Missing character: There is no √ in font cmr12!
Missing character: There is no ó in font cmr12!
Missing character: There is no √ in font cmr12!
Missing character: There is no ó in font cmr12!
) (./Appendix.tex [54 <./Figures/wodrop_whirc.png>]
Appendix A.

Package hyperref Warning: Token not allowed in a PDF string (PDFDocEncoding):
(hyperref)                removing `math shift' on input line 7.


Package hyperref Warning: Token not allowed in a PDF string (PDFDocEncoding):
(hyperref)                removing `math shift' on input line 7.


Package hyperref Warning: Token not allowed in a PDF string (PDFDocEncoding):
(hyperref)                removing `math shift' on input line 7.


Package hyperref Warning: Token not allowed in a PDF string (PDFDocEncoding):
(hyperref)                removing `math shift' on input line 7.


Overfull \hbox (3.23476pt too wide) in paragraph at lines 11--58
\OT1/cmtt/m/n/12 FILTER$[]$NAME gauss$[]$2.0$[]$5x5.conv $\OT1/cmr/m/n/12 #$ \O
T1/cmtt/m/n/12 name of the file containing the filter 
 []


Overfull \hbox (15.58476pt too wide) in paragraph at lines 11--58
\OT1/cmtt/m/n/12 WEIGHT$[]$TYPE MAP$[]$WEIGHT,MAP$[]$WEIGHT $\OT1/cmr/m/n/12 #$
 \OT1/cmtt/m/n/12 type of WEIGHTing: NONE, BACKGROUND, 
 []


Overfull \hbox (13.85576pt too wide) in paragraph at lines 11--58
\OT1/cmtt/m/n/12 PHOT$[]$AUTOPARAMS 2.5, 3.5 $\OT1/cmr/m/n/12 #$ \OT1/cmtt/m/n/
12 MAG$[]$AUTO parameters: <Kron$[]$fact>,<min$[]$radius> 
 []


Underfull \hbox (badness 10000) in paragraph at lines 11--58

 []

[55

] [56]
Underfull \hbox (badness 10000) in paragraph at lines 64--108

 []

[57]
Overfull \hbox (54.36378pt too wide) in paragraph at lines 112--139
\OT1/cmtt/m/n/12 FILTER$[]$FORMAT 1 $\OT1/cmr/m/n/12 #$ \OT1/cmtt/m/n/12 Format
 of FILTERS$[]$RES file -- 0: energy- 1: photon-counting
 []


Overfull \hbox (66.71379pt too wide) in paragraph at lines 112--139
\OT1/cmtt/m/n/12 NMF$[]$TOLERANCE 1.e-4 $\OT1/cmr/m/n/12 #$ \OT1/cmtt/m/n/12 To
lerance for non-negative combinations (TEMPLATE$[]$COMBOS=a) 
 []


Overfull \hbox (37.56778pt too wide) in paragraph at lines 112--139
\OT1/cmtt/m/n/12 CHI2$[]$SCALE 1.0 $\OT1/cmr/m/n/12 #$ \OT1/cmtt/m/n/12 Scale M
L Chi-squared values to improve confidence intervals 
 []


Overfull \hbox (48.18878pt too wide) in paragraph at lines 112--139
\OT1/cmtt/m/n/12 GET$[]$ZP$[]$OFFSETS n $\OT1/cmr/m/n/12 #$ \OT1/cmtt/m/n/12 Lo
ok for zphot.zeropoint file and compute zeropoint offsets 
 []


Underfull \hbox (badness 10000) in paragraph at lines 112--139

 []

[58] [59]) (./Bibliography.tex
Underfull \hbox (badness 10000) in paragraph at lines 142--1

 []

[60] [61] (./ThesisMaster.bbl [62

] [63] [64] [65] [66] [67] [68] [69] [70]
[71] [72])) (./Vita.tex [73])
Package atveryend Info: Empty hook `BeforeClearDocument' on input line 66.
 [74]
Package atveryend Info: Empty hook `AfterLastShipout' on input line 66.
 (./ThesisMaster.aux)
Package atveryend Info: Executing hook `AtVeryEndDocument' on input line 66.
Package atveryend Info: Executing hook `AtEndAfterFileList' on input line 66.
Package rerunfilecheck Info: File `ThesisMaster.out' has not changed.
(rerunfilecheck)             Checksum: EB69279615D4A5453AB6A09140159415;3315.
Package atveryend Info: Empty hook `AtVeryVeryEnd' on input line 66.
 ) 
Here is how much of TeX's memory you used:
 8105 strings out of 495025
 118371 string characters out of 6181515
 221938 words of memory out of 5000000
 10898 multiletter control sequences out of 15000+600000
 15021 words of font info for 60 fonts, out of 8000000 for 9000
 14 hyphenation exceptions out of 8191
 29i,10n,31p,1857b,545s stack positions out of 5000i,500n,10000p,200000b,80000s
</usr/share/texlive/texmf-dist/fonts/type1/public/amsfonts/cm/cmbx12.pfb></us
r/share/texlive/texmf-dist/fonts/type1/public/amsfonts/cm/cmex10.pfb></usr/shar
e/texlive/texmf-dist/fonts/type1/public/amsfonts/cm/cmmi12.pfb></usr/share/texl
ive/texmf-dist/fonts/type1/public/amsfonts/cm/cmmi8.pfb></usr/share/texlive/tex
mf-dist/fonts/type1/public/amsfonts/cm/cmr12.pfb></usr/share/texlive/texmf-dist
/fonts/type1/public/amsfonts/cm/cmr7.pfb></usr/share/texlive/texmf-dist/fonts/t
ype1/public/amsfonts/cm/cmr8.pfb></usr/share/texlive/texmf-dist/fonts/type1/pub
lic/amsfonts/cm/cmsy10.pfb></usr/share/texlive/texmf-dist/fonts/type1/public/am
sfonts/cm/cmsy8.pfb></usr/share/texlive/texmf-dist/fonts/type1/public/amsfonts/
cm/cmti12.pfb></usr/share/texlive/texmf-dist/fonts/type1/public/amsfonts/cm/cmt
t10.pfb></usr/share/texlive/texmf-dist/fonts/type1/public/amsfonts/cm/cmtt12.pf
b>
Output written on ThesisMaster.pdf (88 pages, 4132350 bytes).
PDF statistics:
 1197 PDF objects out of 1200 (max. 8388607)
 1049 compressed objects within 11 object streams
 232 named destinations out of 1000 (max. 500000)
 515 words of extra memory for PDF output out of 10000 (max. 10000000)

