\BOOKMARK [0][-]{section*.1}{ACKNOWLEDGMENTS}{}% 1
\BOOKMARK [0][-]{section*.2}{LIST OF TABLES}{}% 2
\BOOKMARK [0][-]{section*.3}{LIST OF FIGURES}{}% 3
\BOOKMARK [0][-]{section*.4}{ABSTRACT}{}% 4
\BOOKMARK [0][-]{chapter.1}{Introduction}{}% 5
\BOOKMARK [0][-]{chapter.2}{Data}{}% 6
\BOOKMARK [1][-]{section.2.1}{SDSS}{chapter.2}% 7
\BOOKMARK [2][-]{subsection.2.1.1}{Stripe 82}{section.2.1}% 8
\BOOKMARK [2][-]{subsection.2.1.2}{Structure of SDSS Stripe 82 files}{section.2.1}% 9
\BOOKMARK [1][-]{section.2.2}{WISE}{chapter.2}% 10
\BOOKMARK [2][-]{subsection.2.2.1}{unWISE}{section.2.2}% 11
\BOOKMARK [2][-]{subsection.2.2.2}{Structure of unWISE files}{section.2.2}% 12
\BOOKMARK [0][-]{chapter.3}{Construction of the multiband catalog over Stripe 82}{}% 13
\BOOKMARK [1][-]{section.3.1}{Preparatory work with SDSS images and optical catalog}{chapter.3}% 14
\BOOKMARK [2][-]{subsection.3.1.1}{Region of overlapping unWISE images}{section.3.1}% 15
\BOOKMARK [2][-]{subsection.3.1.2}{SDSS PSF construction}{section.3.1}% 16
\BOOKMARK [2][-]{subsection.3.1.3}{Construction of the optical part of the catalog}{section.3.1}% 17
\BOOKMARK [2][-]{subsection.3.1.4}{Magnitude error correction}{section.3.1}% 18
\BOOKMARK [1][-]{section.3.2}{Preparatory work with unWISE files}{chapter.3}% 19
\BOOKMARK [2][-]{subsection.3.2.1}{unWISE PSF construction}{section.3.2}% 20
\BOOKMARK [2][-]{subsection.3.2.2}{Naming convention for the processed files}{section.3.2}% 21
\BOOKMARK [1][-]{section.3.3}{Template fitting with TPHOT}{chapter.3}% 22
\BOOKMARK [2][-]{subsection.3.3.1}{TPHOT output files}{section.3.3}% 23
\BOOKMARK [1][-]{section.3.4}{Matching optical and IR catalogs}{chapter.3}% 24
\BOOKMARK [0][-]{chapter.4}{Mass and redshift estimation}{}% 25
\BOOKMARK [1][-]{section.4.1}{SED fitting}{chapter.4}% 26
\BOOKMARK [2][-]{subsection.4.1.1}{Choice of SED fitting codes}{section.4.1}% 27
\BOOKMARK [2][-]{subsection.4.1.2}{EAZY and FAST}{section.4.1}% 28
\BOOKMARK [2][-]{subsection.4.1.3}{Reliability of IR data}{section.4.1}% 29
\BOOKMARK [2][-]{subsection.4.1.4}{Stellar masses}{section.4.1}% 30
\BOOKMARK [1][-]{section.4.2}{Catalog post-procession}{chapter.4}% 31
\BOOKMARK [2][-]{subsection.4.2.1}{Star-galaxy separation}{section.4.2}% 32
\BOOKMARK [2][-]{subsection.4.2.2}{Sources treatment in overlapping regions and around bright stars}{section.4.2}% 33
\BOOKMARK [0][-]{chapter.5}{Results}{}% 34
\BOOKMARK [1][-]{section.5.1}{Binning in redshift}{chapter.5}% 35
\BOOKMARK [1][-]{section.5.2}{GSMD and comparison to the results of other groups}{chapter.5}% 36
\BOOKMARK [0][-]{chapter.6}{Summary and concluding remarks}{}% 37
\BOOKMARK [1][-]{section.6.1}{Conclusions}{chapter.6}% 38
\BOOKMARK [1][-]{section.6.2}{Future work}{chapter.6}% 39
\BOOKMARK [2][-]{subsection.6.2.1}{Optical dropouts in WISE}{section.6.2}% 40
\BOOKMARK [0][-]{section*.5}{APPENDIX}{}% 41
\BOOKMARK [0][-]{appendix.A}{Parameters for applied codes}{}% 42
\BOOKMARK [1][-]{section.A.1}{SExtractor parameters for x\137matched\137u catalogs}{appendix.A}% 43
\BOOKMARK [1][-]{section.A.2}{TPHOT parameters}{appendix.A}% 44
\BOOKMARK [1][-]{section.A.3}{EAZY parameters}{appendix.A}% 45
\BOOKMARK [1][-]{section.A.4}{FAST parameters}{appendix.A}% 46
\BOOKMARK [0][-]{section*.6}{BIBLIOGRAPHY}{}% 47
\BOOKMARK [0][-]{section*.8}{VITA}{}% 48
